{
  "RSpec": {
    "coverage": {
      "/Users/sofianegargouri/Development/QueueUp-API/app/controllers/communication_data_controller.rb": [
        1,
        1,
        1,
        null,
        1,
        0,
        null,
        0,
        null,
        null,
        1,
        0,
        0,
        0,
        null,
        0,
        null,
        null,
        null,
        1,
        1,
        0,
        null,
        null,
        1,
        0,
        null,
        null
      ],
      "/Users/sofianegargouri/Development/QueueUp-API/app/controllers/application_controller.rb": [
        1,
        1,
        null,
        1,
        1,
        1,
        2,
        null,
        1,
        0,
        null,
        null,
        null,
        1,
        1,
        1,
        0,
        0,
        null,
        null,
        null
      ],
      "/Users/sofianegargouri/Development/QueueUp-API/spec/controllers/devices_controller_spec.rb": [
        1,
        null,
        null,
        null,
        null,
        null,
        null,
        null,
        null,
        null,
        null,
        null,
        null,
        null,
        null,
        null,
        null,
        null,
        null,
        null,
        null,
        null,
        null,
        null,
        null,
        1,
        null,
        null,
        null,
        null,
        1,
        8,
        null,
        null,
        1,
        1,
        null,
        null,
        null,
        null,
        null,
        1,
        null,
        1,
        1,
        1,
        0,
        0,
        null,
        null,
        null,
        1,
        1,
        1,
        0,
        0,
        null,
        null,
        null,
        1,
        1,
        1,
        1,
        1,
        null,
        null,
        null,
        1,
        null,
        1,
        0,
        0,
        0,
        null,
        null,
        null,
        1,
        1,
        null,
        1,
        0,
        0,
        null,
        null,
        null,
        null,
        1,
        1,
        1,
        0,
        null,
        null,
        1,
        1,
        0,
        0,
        0,
        null,
        null,
        1,
        1,
        null,
        0,
        0,
        0,
        null,
        null,
        null,
        1,
        1,
        1,
        null,
        0,
        0,
        0,
        null,
        null,
        null,
        null,
        1,
        1,
        1,
        0,
        0,
        null,
        null,
        null,
        null,
        null
      ],
      "/Users/sofianegargouri/Development/QueueUp-API/app/controllers/devices_controller.rb": [
        1,
        1,
        null,
        1,
        0,
        null,
        0,
        null,
        null,
        1,
        0,
        0,
        null,
        0,
        null,
        null,
        1,
        0,
        0,
        null,
        null,
        1,
        1,
        0,
        null,
        null
      ],
      "/Users/sofianegargouri/Development/QueueUp-API/spec/controllers/league_matches_controller_spec.rb": [
        1,
        null,
        1,
        1,
        1,
        1,
        1,
        null,
        null,
        null,
        null,
        null,
        1,
        1,
        1,
        null,
        1,
        1,
        1,
        null,
        1,
        1,
        1,
        1,
        null,
        1,
        1,
        1,
        1,
        1,
        1,
        1,
        1,
        1,
        1,
        null,
        null,
        null
      ],
      "/Users/sofianegargouri/Development/QueueUp-API/app/controllers/league_matches_controller.rb": [
        1,
        1,
        null,
        1,
        1,
        null,
        null,
        null,
        4,
        null,
        null,
        null,
        null
      ],
      "/Users/sofianegargouri/Development/QueueUp-API/spec/controllers/league_messages_controller_spec.rb": [
        1,
        null,
        1,
        null,
        null
      ],
      "/Users/sofianegargouri/Development/QueueUp-API/app/controllers/league_messages_controller.rb": [
        1,
        1,
        null,
        1,
        0,
        null,
        0,
        null,
        null,
        1,
        0,
        0,
        null,
        0,
        0,
        null,
        0,
        null,
        null,
        null,
        1,
        1,
        0,
        null,
        null
      ],
      "/Users/sofianegargouri/Development/QueueUp-API/spec/models/communication_datum_spec.rb": [
        1,
        null,
        1,
        1,
        null
      ],
      "/Users/sofianegargouri/Development/QueueUp-API/app/models/communication_datum.rb": [
        1,
        1,
        null,
        1,
        null
      ],
      "/Users/sofianegargouri/Development/QueueUp-API/app/models/application_record.rb": [
        1,
        1,
        null
      ],
      "/Users/sofianegargouri/Development/QueueUp-API/spec/models/device_spec.rb": [
        1,
        null,
        1,
        null
      ],
      "/Users/sofianegargouri/Development/QueueUp-API/app/models/device.rb": [
        1,
        1,
        null,
        1,
        1,
        null
      ],
      "/Users/sofianegargouri/Development/QueueUp-API/spec/models/league_match_spec.rb": [
        1,
        null,
        1,
        1,
        1,
        null,
        null,
        1,
        1,
        1,
        null,
        1,
        1,
        null,
        null,
        null
      ],
      "/Users/sofianegargouri/Development/QueueUp-API/app/models/league_match.rb": [
        1,
        1,
        1,
        null,
        1,
        null,
        1,
        null,
        1,
        null,
        1,
        null,
        1,
        1,
        10,
        null,
        null,
        1,
        7,
        null,
        null
      ],
      "/Users/sofianegargouri/Development/QueueUp-API/spec/models/league_message_notification_spec.rb": [
        1,
        null,
        1,
        1,
        1,
        1,
        1,
        1,
        1,
        1,
        1,
        1,
        1,
        1,
        1,
        1,
        1,
        null,
        null
      ],
      "/Users/sofianegargouri/Development/QueueUp-API/app/models/league_message_notification.rb": [
        1,
        1,
        7,
        7,
        7,
        7,
        null,
        null,
        1,
        7,
        7,
        0,
        0,
        null,
        null,
        null,
        null,
        null,
        0,
        null,
        null,
        null,
        null,
        null,
        null,
        7,
        null,
        null,
        null,
        1,
        7,
        4,
        4,
        null,
        null,
        null,
        1,
        1,
        7,
        null,
        null,
        1,
        21,
        null,
        12,
        null,
        null,
        1,
        7,
        null,
        null
      ],
      "/Users/sofianegargouri/Development/QueueUp-API/app/models/notification_api.rb": [
        1,
        1,
        1,
        0,
        0,
        0,
        0,
        null,
        0,
        null,
        null,
        0,
        0,
        0,
        null,
        null,
        1,
        0,
        0,
        0,
        0,
        null,
        0,
        null,
        null,
        0,
        0,
        null,
        null
      ],
      "/Users/sofianegargouri/Development/QueueUp-API/spec/models/league_message_spec.rb": [
        1,
        null,
        1,
        1,
        1,
        null,
        null
      ],
      "/Users/sofianegargouri/Development/QueueUp-API/app/models/league_message.rb": [
        1,
        1,
        1,
        null,
        1,
        null,
        1,
        7,
        null,
        null
      ],
      "/Users/sofianegargouri/Development/QueueUp-API/spec/models/league_profile_spec.rb": [
        1,
        null,
        1,
        1,
        1,
        null,
        null
      ],
      "/Users/sofianegargouri/Development/QueueUp-API/app/models/league_profile.rb": [
        1,
        1,
        1,
        1,
        1,
        1,
        null,
        1,
        null,
        1,
        1,
        1,
        null,
        1,
        1,
        1,
        null,
        1,
        0,
        0,
        null,
        null,
        null,
        null,
        0,
        0,
        null,
        null,
        1,
        1,
        null,
        null,
        1,
        1,
        24,
        null,
        null,
        null,
        null,
        24,
        24,
        null,
        null,
        1,
        23,
        null,
        null,
        null,
        null,
        23,
        23,
        23,
        null,
        null,
        1,
        34,
        34,
        34,
        34,
        null,
        null
      ],
      "/Users/sofianegargouri/Development/QueueUp-API/spec/models/league_response_spec.rb": [
        1,
        null,
        1,
        1,
        1,
        1,
        1,
        null,
        1,
        null,
        null,
        1,
        1,
        1,
        null,
        1,
        null,
        null,
        1,
        1,
        1,
        null,
        1,
        null,
        null,
        1,
        1,
        1,
        null,
        1,
        null,
        null,
        null
      ],
      "/Users/sofianegargouri/Development/QueueUp-API/app/models/league_response.rb": [
        1,
        1,
        1,
        1,
        null,
        1,
        null,
        1,
        null,
        1,
        1,
        8,
        1,
        null,
        null,
        null
      ],
      "/Users/sofianegargouri/Development/QueueUp-API/spec/models/notification_spec.rb": [
        1,
        null,
        1,
        1,
        null
      ],
      "/Users/sofianegargouri/Development/QueueUp-API/app/models/notification.rb": [
        1,
        1,
        null,
        null,
        null,
        null,
        null,
        3,
        10,
        1,
        null,
        8,
        1,
        null,
        1,
        null
      ],
      "/Users/sofianegargouri/Development/QueueUp-API/spec/routing/communication_data_routing_spec.rb": [
        1,
        null,
        1,
        1,
        null,
        1,
        1,
        null,
        null,
        null,
        null,
        null,
        null,
        null,
        null,
        1,
        1,
        null,
        null,
        1,
        1,
        null,
        null,
        1,
        1,
        null,
        null,
        null,
        null,
        null,
        null,
        null,
        null
      ],
      "/Users/sofianegargouri/Development/QueueUp-API/app/models/user.rb": [
        1,
        1,
        1,
        1,
        null,
        null,
        1,
        1,
        1,
        1,
        null,
        1,
        null,
        1,
        1,
        null,
        null,
        null,
        1,
        1,
        null,
        null,
        1,
        34,
        null,
        null
      ],
      "/Users/sofianegargouri/Development/QueueUp-API/app/models/league_api.rb": [
        1,
        1,
        null,
        1,
        47,
        47,
        47,
        47,
        null,
        null,
        1,
        23,
        null,
        null,
        1,
        23,
        23,
        23,
        null,
        null,
        null,
        1,
        1,
        24,
        24,
        null,
        null,
        1,
        47,
        null,
        null,
        null,
        null,
        null,
        null,
        null,
        null,
        null,
        null,
        null,
        null,
        null,
        null,
        null,
        null,
        null,
        null,
        null,
        null,
        null,
        null,
        null,
        null,
        null,
        null,
        null,
        null,
        null,
        null,
        null,
        null,
        null,
        null,
        null,
        null,
        null,
        null,
        null,
        null,
        null,
        null,
        null,
        null,
        null,
        null,
        null,
        null,
        null,
        null,
        null,
        null,
        null,
        null,
        null,
        null,
        null,
        null,
        null,
        null,
        null,
        611,
        null,
        null,
        1,
        70,
        null,
        null,
        70,
        70,
        null,
        null,
        null
      ],
      "/Users/sofianegargouri/Development/QueueUp-API/app/models/league_match_notification.rb": [
        1,
        1,
        7,
        7,
        null,
        null,
        1,
        7,
        7,
        0,
        null,
        null,
        null,
        null,
        null,
        7,
        null,
        null,
        1,
        1,
        7,
        null,
        null,
        1,
        14,
        null,
        null
      ],
      "/Users/sofianegargouri/Development/QueueUp-API/app/serializers/league_match_serializer.rb": [
        1,
        1,
        null,
        1,
        1,
        1,
        null,
        1,
        12,
        null,
        null,
        1,
        6,
        null,
        null,
        1,
        6,
        null,
        null
      ],
      "/Users/sofianegargouri/Development/QueueUp-API/app/serializers/league_profile_serializer.rb": [
        1,
        1,
        null
      ]
    },
    "timestamp": 1514056042
  }
}
